2002.05.30 14:41 B c:\INTERNET\kundenmaterial\pochert\v55\assets\images\b750-4.gif --> www.bgdd.de /begomedia/pochert/v55/assets/images b750-4.gif
2002.05.30 14:41 B c:\INTERNET\kundenmaterial\pochert\v55\assets\images\beste72.gif --> www.bgdd.de /begomedia/pochert/v55/assets/images beste72.gif
2002.05.30 14:42 B c:\INTERNET\kundenmaterial\pochert\v55\assets\images\bild01x175.jpg --> www.bgdd.de /begomedia/pochert/v55/assets/images bild01x175.jpg
2002.05.30 14:42 B c:\INTERNET\kundenmaterial\pochert\v55\assets\images\bild01x275.jpg --> www.bgdd.de /begomedia/pochert/v55/assets/images bild01x275.jpg
2002.05.30 14:44 B c:\INTERNET\kundenmaterial\pochert\v55\assets\images\bild02.jpg --> www.bgdd.de /begomedia/pochert/v55/assets/images bild02.jpg
2002.05.30 14:53 B c:\INTERNET\kundenmaterial\pochert\v55\assets\images\bild03.jpg --> www.bgdd.de /begomedia/pochert/v55/assets/images bild03.jpg
2002.05.30 14:53 B c:\INTERNET\kundenmaterial\pochert\v55\assets\images\bild05.jpg --> www.bgdd.de /begomedia/pochert/v55/assets/images bild05.jpg
2002.05.30 14:53 B c:\INTERNET\kundenmaterial\pochert\v55\assets\images\bild05x275.jpg --> www.bgdd.de /begomedia/pochert/v55/assets/images bild05x275.jpg
2002.05.30 14:53 B c:\INTERNET\kundenmaterial\pochert\v55\assets\images\bild08x275.jpg --> www.bgdd.de /begomedia/pochert/v55/assets/images bild08x275.jpg
2002.05.30 14:53 B c:\INTERNET\kundenmaterial\pochert\v55\assets\images\bild09x275.jpg --> www.bgdd.de /begomedia/pochert/v55/assets/images bild09x275.jpg
2002.05.30 14:54 B c:\INTERNET\kundenmaterial\pochert\v55\assets\images\bild13x275.jpg --> www.bgdd.de /begomedia/pochert/v55/assets/images bild13x275.jpg
2002.05.30 14:54 B c:\INTERNET\kundenmaterial\pochert\v55\assets\images\bild14a.jpg --> www.bgdd.de /begomedia/pochert/v55/assets/images bild14a.jpg
2002.05.30 14:54 B c:\INTERNET\kundenmaterial\pochert\v55\assets\images\bild14c.jpg --> www.bgdd.de /begomedia/pochert/v55/assets/images bild14c.jpg
2002.05.30 14:54 B c:\INTERNET\kundenmaterial\pochert\v55\assets\images\bild14x275.jpg --> www.bgdd.de /begomedia/pochert/v55/assets/images bild14x275.jpg
2002.05.30 14:54 B c:\INTERNET\kundenmaterial\pochert\v55\assets\images\bild14x292.cpt --> www.bgdd.de /begomedia/pochert/v55/assets/images bild14x292.cpt
2002.05.30 14:58 B c:\INTERNET\kundenmaterial\pochert\v55\assets\images\bild14x292.jpg --> www.bgdd.de /begomedia/pochert/v55/assets/images bild14x292.jpg
2002.05.30 14:58 B c:\INTERNET\kundenmaterial\pochert\v55\assets\images\bild15.jpg --> www.bgdd.de /begomedia/pochert/v55/assets/images bild15.jpg
2002.05.30 14:58 B c:\INTERNET\kundenmaterial\pochert\v55\assets\images\bild15x275.jpg --> www.bgdd.de /begomedia/pochert/v55/assets/images bild15x275.jpg
2002.05.30 14:58 B c:\INTERNET\kundenmaterial\pochert\v55\assets\images\bild53x150.jpg --> www.bgdd.de /begomedia/pochert/v55/assets/images bild53x150.jpg
2002.05.30 14:58 B c:\INTERNET\kundenmaterial\pochert\v55\assets\images\bild54x150.jpg --> www.bgdd.de /begomedia/pochert/v55/assets/images bild54x150.jpg
2002.05.30 14:58 B c:\INTERNET\kundenmaterial\pochert\v55\assets\images\bild56x150.jpg --> www.bgdd.de /begomedia/pochert/v55/assets/images bild56x150.jpg
2002.05.30 14:58 B c:\INTERNET\kundenmaterial\pochert\v55\assets\images\bild57x150.jpg --> www.bgdd.de /begomedia/pochert/v55/assets/images bild57x150.jpg
2002.05.30 14:58 B c:\INTERNET\kundenmaterial\pochert\v55\assets\images\bild61a.jpg --> www.bgdd.de /begomedia/pochert/v55/assets/images bild61a.jpg
2002.05.30 14:58 B c:\INTERNET\kundenmaterial\pochert\v55\assets\images\bild78x480.jpg --> www.bgdd.de /begomedia/pochert/v55/assets/images bild78x480.jpg
2002.05.30 14:59 B c:\INTERNET\kundenmaterial\pochert\v55\assets\images\bild79.jpg --> www.bgdd.de /begomedia/pochert/v55/assets/images bild79.jpg
2002.05.30 14:59 B c:\INTERNET\kundenmaterial\pochert\v55\assets\images\bild79x480.jpg --> www.bgdd.de /begomedia/pochert/v55/assets/images bild79x480.jpg
2002.05.30 14:59 B c:\INTERNET\kundenmaterial\pochert\v55\assets\images\bild80x150.jpg --> www.bgdd.de /begomedia/pochert/v55/assets/images bild80x150.jpg
2002.05.30 14:59 B c:\INTERNET\kundenmaterial\pochert\v55\assets\images\bild83x150.jpg --> www.bgdd.de /begomedia/pochert/v55/assets/images bild83x150.jpg
2002.05.30 14:59 B c:\INTERNET\kundenmaterial\pochert\v55\assets\images\bild91x150.jpg --> www.bgdd.de /begomedia/pochert/v55/assets/images bild91x150.jpg
2002.05.30 14:59 B c:\INTERNET\kundenmaterial\pochert\v55\assets\images\bild92x150.jpg --> www.bgdd.de /begomedia/pochert/v55/assets/images bild92x150.jpg
2002.05.30 14:59 B c:\INTERNET\kundenmaterial\pochert\v55\assets\images\fertig96.gif --> www.bgdd.de /begomedia/pochert/v55/assets/images fertig96.gif
2002.05.30 14:59 B c:\INTERNET\kundenmaterial\pochert\v55\assets\images\finden.gif --> www.bgdd.de /begomedia/pochert/v55/assets/images finden.gif
2002.05.30 14:59 B c:\INTERNET\kundenmaterial\pochert\v55\assets\images\finden96.gif --> www.bgdd.de /begomedia/pochert/v55/assets/images finden96.gif
2002.05.30 14:59 B c:\INTERNET\kundenmaterial\pochert\v55\assets\images\freuen96.gif --> www.bgdd.de /begomedia/pochert/v55/assets/images freuen96.gif
2002.05.30 14:59 B c:\INTERNET\kundenmaterial\pochert\v55\assets\images\geschichte96.gif --> www.bgdd.de /begomedia/pochert/v55/assets/images geschichte96.gif
2002.05.30 14:59 B c:\INTERNET\kundenmaterial\pochert\v55\assets\images\hwk3.gif --> www.bgdd.de /begomedia/pochert/v55/assets/images hwk3.gif
2002.05.30 14:59 B c:\INTERNET\kundenmaterial\pochert\v55\assets\images\karte.jpg --> www.bgdd.de /begomedia/pochert/v55/assets/images karte.jpg
2002.05.30 14:59 B c:\INTERNET\kundenmaterial\pochert\v55\assets\images\laden96.gif --> www.bgdd.de /begomedia/pochert/v55/assets/images laden96.gif
2002.05.30 14:59 B c:\INTERNET\kundenmaterial\pochert\v55\assets\images\liebe96.gif --> www.bgdd.de /begomedia/pochert/v55/assets/images liebe96.gif
2002.05.30 14:59 B c:\INTERNET\kundenmaterial\pochert\v55\assets\images\logo3x175.gif --> www.bgdd.de /begomedia/pochert/v55/assets/images logo3x175.gif
2002.05.30 14:59 B c:\INTERNET\kundenmaterial\pochert\v55\assets\images\logo4x175.gif --> www.bgdd.de /begomedia/pochert/v55/assets/images logo4x175.gif
2002.05.30 14:59 B c:\INTERNET\kundenmaterial\pochert\v55\assets\images\plan290.jpg --> www.bgdd.de /begomedia/pochert/v55/assets/images plan290.jpg
2002.05.30 14:59 B c:\INTERNET\kundenmaterial\pochert\v55\assets\images\rezept96.gif --> www.bgdd.de /begomedia/pochert/v55/assets/images rezept96.gif
2002.05.30 14:59 B c:\INTERNET\kundenmaterial\pochert\v55\assets\images\rodenstock1.gif --> www.bgdd.de /begomedia/pochert/v55/assets/images rodenstock1.gif
2002.05.30 14:59 B c:\INTERNET\kundenmaterial\pochert\v55\assets\images\service96.gif --> www.bgdd.de /begomedia/pochert/v55/assets/images service96.gif
2002.05.30 14:59 B c:\INTERNET\kundenmaterial\pochert\v55\assets\images\sindda.gif --> www.bgdd.de /begomedia/pochert/v55/assets/images sindda.gif
2002.05.30 14:59 B c:\INTERNET\kundenmaterial\pochert\v55\assets\images\spez96.gif --> www.bgdd.de /begomedia/pochert/v55/assets/images spez96.gif
2002.05.30 14:59 B c:\INTERNET\kundenmaterial\pochert\v55\assets\images\tel2.jpg --> www.bgdd.de /begomedia/pochert/v55/assets/images tel2.jpg
2002.05.30 14:59 B c:\INTERNET\kundenmaterial\pochert\v55\assets\images\video96.gif --> www.bgdd.de /begomedia/pochert/v55/assets/images video96.gif
2002.05.30 14:59 B c:\INTERNET\kundenmaterial\pochert\v55\assets\images\vorteil.jpg --> www.bgdd.de /begomedia/pochert/v55/assets/images vorteil.jpg
2002.05.30 14:59 B c:\INTERNET\kundenmaterial\pochert\v55\assets\images\werkstatt96.gif --> www.bgdd.de /begomedia/pochert/v55/assets/images werkstatt96.gif
2002.05.30 14:59 B c:\INTERNET\kundenmaterial\pochert\v55\assets\images\ws_ftp.log --> www.bgdd.de /begomedia/pochert/v55/assets/images ws_ftp.log
2002.06.04 10:42 B c:\INTERNET\kundenmaterial\pochert\v55\assets\images\b750-4.gif --> www.bgdd.de /begomedia/pochert/v44/assets/images b750-4.gif
2002.06.04 10:42 B c:\INTERNET\kundenmaterial\pochert\v55\assets\images\barometer.jpg --> www.bgdd.de /begomedia/pochert/v44/assets/images barometer.jpg
2002.06.04 10:42 B c:\INTERNET\kundenmaterial\pochert\v55\assets\images\beste72.gif --> www.bgdd.de /begomedia/pochert/v44/assets/images beste72.gif
2002.06.04 10:42 B c:\INTERNET\kundenmaterial\pochert\v55\assets\images\bild01x175.jpg --> www.bgdd.de /begomedia/pochert/v44/assets/images bild01x175.jpg
2002.06.04 10:42 B c:\INTERNET\kundenmaterial\pochert\v55\assets\images\bild01x275.jpg --> www.bgdd.de /begomedia/pochert/v44/assets/images bild01x275.jpg
2002.06.04 10:42 B c:\INTERNET\kundenmaterial\pochert\v55\assets\images\bild02.jpg --> www.bgdd.de /begomedia/pochert/v44/assets/images bild02.jpg
2002.06.04 10:42 B c:\INTERNET\kundenmaterial\pochert\v55\assets\images\bild03.jpg --> www.bgdd.de /begomedia/pochert/v44/assets/images bild03.jpg
2002.06.04 10:42 B c:\INTERNET\kundenmaterial\pochert\v55\assets\images\bild05.jpg --> www.bgdd.de /begomedia/pochert/v44/assets/images bild05.jpg
2002.06.04 10:42 B c:\INTERNET\kundenmaterial\pochert\v55\assets\images\bild05x275.jpg --> www.bgdd.de /begomedia/pochert/v44/assets/images bild05x275.jpg
2002.06.04 10:42 B c:\INTERNET\kundenmaterial\pochert\v55\assets\images\bild08x275.jpg --> www.bgdd.de /begomedia/pochert/v44/assets/images bild08x275.jpg
2002.06.04 10:42 B c:\INTERNET\kundenmaterial\pochert\v55\assets\images\bild09x275.jpg --> www.bgdd.de /begomedia/pochert/v44/assets/images bild09x275.jpg
2002.06.04 10:42 B c:\INTERNET\kundenmaterial\pochert\v55\assets\images\bild13x275.jpg --> www.bgdd.de /begomedia/pochert/v44/assets/images bild13x275.jpg
2002.06.04 10:42 B c:\INTERNET\kundenmaterial\pochert\v55\assets\images\bild14a.jpg --> www.bgdd.de /begomedia/pochert/v44/assets/images bild14a.jpg
2002.06.04 10:42 B c:\INTERNET\kundenmaterial\pochert\v55\assets\images\bild14c.jpg --> www.bgdd.de /begomedia/pochert/v44/assets/images bild14c.jpg
2002.06.04 10:42 B c:\INTERNET\kundenmaterial\pochert\v55\assets\images\bild14x275.jpg --> www.bgdd.de /begomedia/pochert/v44/assets/images bild14x275.jpg
2002.06.04 10:43 B c:\INTERNET\kundenmaterial\pochert\v55\assets\images\bild14x292.cpt --> www.bgdd.de /begomedia/pochert/v44/assets/images bild14x292.cpt
2002.06.04 10:43 B c:\INTERNET\kundenmaterial\pochert\v55\assets\images\bild14x292.jpg --> www.bgdd.de /begomedia/pochert/v44/assets/images bild14x292.jpg
2002.06.04 10:43 B c:\INTERNET\kundenmaterial\pochert\v55\assets\images\bild15.jpg --> www.bgdd.de /begomedia/pochert/v44/assets/images bild15.jpg
2002.06.04 10:43 B c:\INTERNET\kundenmaterial\pochert\v55\assets\images\bild15x275.jpg --> www.bgdd.de /begomedia/pochert/v44/assets/images bild15x275.jpg
2002.06.04 10:43 B c:\INTERNET\kundenmaterial\pochert\v55\assets\images\bild53x150.jpg --> www.bgdd.de /begomedia/pochert/v44/assets/images bild53x150.jpg
2002.06.04 10:43 B c:\INTERNET\kundenmaterial\pochert\v55\assets\images\bild54x150.jpg --> www.bgdd.de /begomedia/pochert/v44/assets/images bild54x150.jpg
2002.06.04 10:43 B c:\INTERNET\kundenmaterial\pochert\v55\assets\images\bild56x150.jpg --> www.bgdd.de /begomedia/pochert/v44/assets/images bild56x150.jpg
2002.06.04 10:43 B c:\INTERNET\kundenmaterial\pochert\v55\assets\images\bild57x150.jpg --> www.bgdd.de /begomedia/pochert/v44/assets/images bild57x150.jpg
2002.06.04 10:43 B c:\INTERNET\kundenmaterial\pochert\v55\assets\images\bild61a.jpg --> www.bgdd.de /begomedia/pochert/v44/assets/images bild61a.jpg
2002.06.04 10:43 B c:\INTERNET\kundenmaterial\pochert\v55\assets\images\bild78x480.jpg --> www.bgdd.de /begomedia/pochert/v44/assets/images bild78x480.jpg
2002.06.04 10:44 B c:\INTERNET\kundenmaterial\pochert\v55\assets\images\bild79.jpg --> www.bgdd.de /begomedia/pochert/v44/assets/images bild79.jpg
2002.06.04 10:44 B c:\INTERNET\kundenmaterial\pochert\v55\assets\images\bild79x480.jpg --> www.bgdd.de /begomedia/pochert/v44/assets/images bild79x480.jpg
2002.06.04 10:44 B c:\INTERNET\kundenmaterial\pochert\v55\assets\images\bild80x150.jpg --> www.bgdd.de /begomedia/pochert/v44/assets/images bild80x150.jpg
2002.06.04 10:44 B c:\INTERNET\kundenmaterial\pochert\v55\assets\images\bild83x150.jpg --> www.bgdd.de /begomedia/pochert/v44/assets/images bild83x150.jpg
2002.06.04 10:44 B c:\INTERNET\kundenmaterial\pochert\v55\assets\images\bild91x150.jpg --> www.bgdd.de /begomedia/pochert/v44/assets/images bild91x150.jpg
2002.06.04 10:44 B c:\INTERNET\kundenmaterial\pochert\v55\assets\images\bild92x150.jpg --> www.bgdd.de /begomedia/pochert/v44/assets/images bild92x150.jpg
2002.06.04 10:44 B c:\INTERNET\kundenmaterial\pochert\v55\assets\images\fertig96.gif --> www.bgdd.de /begomedia/pochert/v44/assets/images fertig96.gif
2002.06.04 10:44 B c:\INTERNET\kundenmaterial\pochert\v55\assets\images\finden.gif --> www.bgdd.de /begomedia/pochert/v44/assets/images finden.gif
2002.06.04 10:44 B c:\INTERNET\kundenmaterial\pochert\v55\assets\images\finden96.gif --> www.bgdd.de /begomedia/pochert/v44/assets/images finden96.gif
2002.06.04 10:44 B c:\INTERNET\kundenmaterial\pochert\v55\assets\images\freuen96.gif --> www.bgdd.de /begomedia/pochert/v44/assets/images freuen96.gif
2002.06.04 10:44 B c:\INTERNET\kundenmaterial\pochert\v55\assets\images\geschichte96.gif --> www.bgdd.de /begomedia/pochert/v44/assets/images geschichte96.gif
2002.06.04 10:44 B c:\INTERNET\kundenmaterial\pochert\v55\assets\images\hwk3.gif --> www.bgdd.de /begomedia/pochert/v44/assets/images hwk3.gif
2002.06.04 10:44 B c:\INTERNET\kundenmaterial\pochert\v55\assets\images\karte.jpg --> www.bgdd.de /begomedia/pochert/v44/assets/images karte.jpg
2002.06.04 10:44 B c:\INTERNET\kundenmaterial\pochert\v55\assets\images\laden96.gif --> www.bgdd.de /begomedia/pochert/v44/assets/images laden96.gif
2002.06.04 10:44 B c:\INTERNET\kundenmaterial\pochert\v55\assets\images\liebe96.gif --> www.bgdd.de /begomedia/pochert/v44/assets/images liebe96.gif
2002.06.04 10:45 B c:\INTERNET\kundenmaterial\pochert\v55\assets\images\logo3x175.gif --> www.bgdd.de /begomedia/pochert/v44/assets/images logo3x175.gif
2002.06.04 10:45 B c:\INTERNET\kundenmaterial\pochert\v55\assets\images\logo4x175.gif --> www.bgdd.de /begomedia/pochert/v44/assets/images logo4x175.gif
2002.06.04 10:45 B c:\INTERNET\kundenmaterial\pochert\v55\assets\images\neu-4.gif --> www.bgdd.de /begomedia/pochert/v44/assets/images neu-4.gif
2002.06.04 10:45 B c:\INTERNET\kundenmaterial\pochert\v55\assets\images\plan290.jpg --> www.bgdd.de /begomedia/pochert/v44/assets/images plan290.jpg
2002.06.04 10:45 B c:\INTERNET\kundenmaterial\pochert\v55\assets\images\rezept96.gif --> www.bgdd.de /begomedia/pochert/v44/assets/images rezept96.gif
2002.06.04 10:45 B c:\INTERNET\kundenmaterial\pochert\v55\assets\images\rodenstock1.gif --> www.bgdd.de /begomedia/pochert/v44/assets/images rodenstock1.gif
2002.06.04 10:45 B c:\INTERNET\kundenmaterial\pochert\v55\assets\images\service96.gif --> www.bgdd.de /begomedia/pochert/v44/assets/images service96.gif
2002.06.04 10:45 B c:\INTERNET\kundenmaterial\pochert\v55\assets\images\sindda.gif --> www.bgdd.de /begomedia/pochert/v44/assets/images sindda.gif
2002.06.04 10:45 B c:\INTERNET\kundenmaterial\pochert\v55\assets\images\spez96.gif --> www.bgdd.de /begomedia/pochert/v44/assets/images spez96.gif
2002.06.04 10:45 B c:\INTERNET\kundenmaterial\pochert\v55\assets\images\tel2.jpg --> www.bgdd.de /begomedia/pochert/v44/assets/images tel2.jpg
2002.06.04 10:45 B c:\INTERNET\kundenmaterial\pochert\v55\assets\images\video96.gif --> www.bgdd.de /begomedia/pochert/v44/assets/images video96.gif
2002.06.04 10:45 B c:\INTERNET\kundenmaterial\pochert\v55\assets\images\vorteil.jpg --> www.bgdd.de /begomedia/pochert/v44/assets/images vorteil.jpg
2002.06.04 10:45 B c:\INTERNET\kundenmaterial\pochert\v55\assets\images\werkstatt96.gif --> www.bgdd.de /begomedia/pochert/v44/assets/images werkstatt96.gif
2002.06.04 10:45 B c:\INTERNET\kundenmaterial\pochert\v55\assets\images\ws_ftp.log --> www.bgdd.de /begomedia/pochert/v44/assets/images ws_ftp.log
2002.06.06 15:22 B c:\INTERNET\kundenmaterial\pochert\v33\assets\images\b750-4.gif --> www.bgdd.de /begomedia/pochert/v33/assets/images b750-4.gif
2002.06.06 15:23 B c:\INTERNET\kundenmaterial\pochert\v33\assets\images\barometer.jpg --> www.bgdd.de /begomedia/pochert/v33/assets/images barometer.jpg
2002.06.06 15:23 B c:\INTERNET\kundenmaterial\pochert\v33\assets\images\beste72.gif --> www.bgdd.de /begomedia/pochert/v33/assets/images beste72.gif
2002.06.06 15:23 B c:\INTERNET\kundenmaterial\pochert\v33\assets\images\bild01x175.jpg --> www.bgdd.de /begomedia/pochert/v33/assets/images bild01x175.jpg
2002.06.06 15:23 B c:\INTERNET\kundenmaterial\pochert\v33\assets\images\bild01x275.jpg --> www.bgdd.de /begomedia/pochert/v33/assets/images bild01x275.jpg
2002.06.06 15:23 B c:\INTERNET\kundenmaterial\pochert\v33\assets\images\beste72.gif --> www.bgdd.de /begomedia/pochert/v33/assets/images beste72.gif
2002.06.06 15:23 B c:\INTERNET\kundenmaterial\pochert\v33\assets\images\b750-4.gif --> www.bgdd.de /begomedia/pochert/v33/assets/images b750-4.gif
2002.06.06 15:23 B c:\INTERNET\kundenmaterial\pochert\v33\assets\images\bild92x150.jpg --> www.bgdd.de /begomedia/pochert/v33/assets/images bild92x150.jpg
2002.06.06 15:23 B c:\INTERNET\kundenmaterial\pochert\v33\assets\images\bild91x150.jpg --> www.bgdd.de /begomedia/pochert/v33/assets/images bild91x150.jpg
2002.06.06 15:23 B c:\INTERNET\kundenmaterial\pochert\v33\assets\images\bild08x275.jpg --> www.bgdd.de /begomedia/pochert/v33/assets/images bild08x275.jpg
2002.06.06 15:23 B c:\INTERNET\kundenmaterial\pochert\v33\assets\images\bild09x275.jpg --> www.bgdd.de /begomedia/pochert/v33/assets/images bild09x275.jpg
2002.06.06 15:23 B c:\INTERNET\kundenmaterial\pochert\v33\assets\images\bild13x275.jpg --> www.bgdd.de /begomedia/pochert/v33/assets/images bild13x275.jpg
2002.06.06 15:23 B c:\INTERNET\kundenmaterial\pochert\v33\assets\images\bild14a.jpg --> www.bgdd.de /begomedia/pochert/v33/assets/images bild14a.jpg
2002.06.06 15:23 B c:\INTERNET\kundenmaterial\pochert\v33\assets\images\bild14c.jpg --> www.bgdd.de /begomedia/pochert/v33/assets/images bild14c.jpg
2002.06.06 15:23 B c:\INTERNET\kundenmaterial\pochert\v33\assets\images\bild14x275.jpg --> www.bgdd.de /begomedia/pochert/v33/assets/images bild14x275.jpg
2002.06.06 15:24 B c:\INTERNET\kundenmaterial\pochert\v33\assets\images\bild14x292.cpt --> www.bgdd.de /begomedia/pochert/v33/assets/images bild14x292.cpt
2002.06.06 15:24 B c:\INTERNET\kundenmaterial\pochert\v33\assets\images\bild14x292.jpg --> www.bgdd.de /begomedia/pochert/v33/assets/images bild14x292.jpg
2002.06.06 15:25 B c:\INTERNET\kundenmaterial\pochert\v33\assets\images\bild15.jpg --> www.bgdd.de /begomedia/pochert/v33/assets/images bild15.jpg
2002.06.06 15:25 B c:\INTERNET\kundenmaterial\pochert\v33\assets\images\bild15x275.jpg --> www.bgdd.de /begomedia/pochert/v33/assets/images bild15x275.jpg
2002.06.06 15:25 B c:\INTERNET\kundenmaterial\pochert\v33\assets\images\bild54x150.jpg --> www.bgdd.de /begomedia/pochert/v33/assets/images bild54x150.jpg
2002.06.06 15:25 B c:\INTERNET\kundenmaterial\pochert\v33\assets\images\bild56x150.jpg --> www.bgdd.de /begomedia/pochert/v33/assets/images bild56x150.jpg
2002.06.06 15:25 B c:\INTERNET\kundenmaterial\pochert\v33\assets\images\bild57x150.jpg --> www.bgdd.de /begomedia/pochert/v33/assets/images bild57x150.jpg
2002.06.06 15:26 B c:\INTERNET\kundenmaterial\pochert\v33\assets\images\bild61a.jpg --> www.bgdd.de /begomedia/pochert/v33/assets/images bild61a.jpg
2002.06.06 15:26 B c:\INTERNET\kundenmaterial\pochert\v33\assets\images\bild78x480.jpg --> www.bgdd.de /begomedia/pochert/v33/assets/images bild78x480.jpg
2002.06.06 15:27 B c:\INTERNET\kundenmaterial\pochert\v33\assets\images\bild79.jpg --> www.bgdd.de /begomedia/pochert/v33/assets/images bild79.jpg
2002.06.06 15:27 B c:\INTERNET\kundenmaterial\pochert\v33\assets\images\bild79x480.jpg --> www.bgdd.de /begomedia/pochert/v33/assets/images bild79x480.jpg
2002.06.06 15:28 B c:\INTERNET\kundenmaterial\pochert\v33\assets\images\bild80x150.jpg --> www.bgdd.de /begomedia/pochert/v33/assets/images bild80x150.jpg
2002.06.06 15:28 B c:\INTERNET\kundenmaterial\pochert\v33\assets\images\bild83x150.jpg --> www.bgdd.de /begomedia/pochert/v33/assets/images bild83x150.jpg
2002.06.06 15:28 B c:\INTERNET\kundenmaterial\pochert\v33\assets\images\bild91x150.jpg --> www.bgdd.de /begomedia/pochert/v33/assets/images bild91x150.jpg
2002.06.06 15:28 B c:\INTERNET\kundenmaterial\pochert\v33\assets\images\bild92x150.jpg --> www.bgdd.de /begomedia/pochert/v33/assets/images bild92x150.jpg
2002.06.06 15:28 B c:\INTERNET\kundenmaterial\pochert\v33\assets\images\fertig96.gif --> www.bgdd.de /begomedia/pochert/v33/assets/images fertig96.gif
2002.06.06 15:28 B c:\INTERNET\kundenmaterial\pochert\v33\assets\images\finden.gif --> www.bgdd.de /begomedia/pochert/v33/assets/images finden.gif
2002.06.06 15:28 B c:\INTERNET\kundenmaterial\pochert\v33\assets\images\finden96.gif --> www.bgdd.de /begomedia/pochert/v33/assets/images finden96.gif
2002.06.06 15:29 B c:\INTERNET\kundenmaterial\pochert\v33\assets\images\freuen96.gif --> www.bgdd.de /begomedia/pochert/v33/assets/images freuen96.gif
2002.06.06 15:29 B c:\INTERNET\kundenmaterial\pochert\v33\assets\images\geschichte96.gif --> www.bgdd.de /begomedia/pochert/v33/assets/images geschichte96.gif
2002.06.06 15:29 B c:\INTERNET\kundenmaterial\pochert\v33\assets\images\hwk3.gif --> www.bgdd.de /begomedia/pochert/v33/assets/images hwk3.gif
2002.06.06 15:53 B c:\INTERNET\kundenmaterial\pochert\v33\assets\images\b750-4.gif --> www.bgdd.de /begomedia/pochert/v33/assets/images b750-4.gif
2002.06.06 15:53 B c:\INTERNET\kundenmaterial\pochert\v33\assets\images\barometer.jpg --> www.bgdd.de /begomedia/pochert/v33/assets/images barometer.jpg
2002.06.06 15:53 B c:\INTERNET\kundenmaterial\pochert\v33\assets\images\beste72.gif --> www.bgdd.de /begomedia/pochert/v33/assets/images beste72.gif
2002.06.06 15:53 B c:\INTERNET\kundenmaterial\pochert\v33\assets\images\bild01x175.jpg --> www.bgdd.de /begomedia/pochert/v33/assets/images bild01x175.jpg
2002.06.06 15:54 B c:\INTERNET\kundenmaterial\pochert\v33\assets\images\bild01x275.jpg --> www.bgdd.de /begomedia/pochert/v33/assets/images bild01x275.jpg
2002.06.06 15:54 B c:\INTERNET\kundenmaterial\pochert\v33\assets\images\bild02.jpg --> www.bgdd.de /begomedia/pochert/v33/assets/images bild02.jpg
2002.06.06 15:54 B c:\INTERNET\kundenmaterial\pochert\v33\assets\images\bild03.jpg --> www.bgdd.de /begomedia/pochert/v33/assets/images bild03.jpg
2002.06.06 15:54 B c:\INTERNET\kundenmaterial\pochert\v33\assets\images\bild05.jpg --> www.bgdd.de /begomedia/pochert/v33/assets/images bild05.jpg
2002.06.06 15:54 B c:\INTERNET\kundenmaterial\pochert\v33\assets\images\bild05x275.jpg --> www.bgdd.de /begomedia/pochert/v33/assets/images bild05x275.jpg
2002.06.06 15:54 B c:\INTERNET\kundenmaterial\pochert\v33\assets\images\bild08x275.jpg --> www.bgdd.de /begomedia/pochert/v33/assets/images bild08x275.jpg
2002.06.06 15:55 B c:\INTERNET\kundenmaterial\pochert\v33\assets\images\bild09x275.jpg --> www.bgdd.de /begomedia/pochert/v33/assets/images bild09x275.jpg
2002.06.06 15:55 B c:\INTERNET\kundenmaterial\pochert\v33\assets\images\bild13x275.jpg --> www.bgdd.de /begomedia/pochert/v33/assets/images bild13x275.jpg
2002.06.06 15:56 B c:\INTERNET\kundenmaterial\pochert\v33\assets\images\bild14a.jpg --> www.bgdd.de /begomedia/pochert/v33/assets/images bild14a.jpg
2002.06.06 15:56 B c:\INTERNET\kundenmaterial\pochert\v33\assets\images\bild14c.jpg --> www.bgdd.de /begomedia/pochert/v33/assets/images bild14c.jpg
2002.06.06 15:56 B c:\INTERNET\kundenmaterial\pochert\v33\assets\images\bild14x275.jpg --> www.bgdd.de /begomedia/pochert/v33/assets/images bild14x275.jpg
2002.06.06 15:57 B c:\INTERNET\kundenmaterial\pochert\v33\assets\images\bild14x292.jpg --> www.bgdd.de /begomedia/pochert/v33/assets/images bild14x292.jpg
2002.06.06 15:57 B c:\INTERNET\kundenmaterial\pochert\v33\assets\images\bild15.jpg --> www.bgdd.de /begomedia/pochert/v33/assets/images bild15.jpg
2002.06.06 15:58 B c:\INTERNET\kundenmaterial\pochert\v33\assets\images\bild15x275.jpg --> www.bgdd.de /begomedia/pochert/v33/assets/images bild15x275.jpg
2002.06.06 15:58 B c:\INTERNET\kundenmaterial\pochert\v33\assets\images\bild53x150.jpg --> www.bgdd.de /begomedia/pochert/v33/assets/images bild53x150.jpg
2002.06.06 15:59 B c:\INTERNET\kundenmaterial\pochert\v33\assets\images\bild54x150.jpg --> www.bgdd.de /begomedia/pochert/v33/assets/images bild54x150.jpg
2002.06.06 15:59 B c:\INTERNET\kundenmaterial\pochert\v33\assets\images\bild56x150.jpg --> www.bgdd.de /begomedia/pochert/v33/assets/images bild56x150.jpg
2002.06.06 15:59 B c:\INTERNET\kundenmaterial\pochert\v33\assets\images\bild57x150.jpg --> www.bgdd.de /begomedia/pochert/v33/assets/images bild57x150.jpg
2002.06.06 15:59 B c:\INTERNET\kundenmaterial\pochert\v33\assets\images\bild61a.jpg --> www.bgdd.de /begomedia/pochert/v33/assets/images bild61a.jpg
2002.06.06 16:00 B c:\INTERNET\kundenmaterial\pochert\v33\assets\images\bild78x480.jpg --> www.bgdd.de /begomedia/pochert/v33/assets/images bild78x480.jpg
2002.06.06 16:01 B c:\INTERNET\kundenmaterial\pochert\v33\assets\images\bild79.jpg --> www.bgdd.de /begomedia/pochert/v33/assets/images bild79.jpg
2002.06.06 16:01 B c:\INTERNET\kundenmaterial\pochert\v33\assets\images\bild79x480.jpg --> www.bgdd.de /begomedia/pochert/v33/assets/images bild79x480.jpg
2002.06.06 16:01 B c:\INTERNET\kundenmaterial\pochert\v33\assets\images\bild80x150.jpg --> www.bgdd.de /begomedia/pochert/v33/assets/images bild80x150.jpg
2002.06.06 16:01 B c:\INTERNET\kundenmaterial\pochert\v33\assets\images\bild83x150.jpg --> www.bgdd.de /begomedia/pochert/v33/assets/images bild83x150.jpg
2002.06.06 16:02 B c:\INTERNET\kundenmaterial\pochert\v33\assets\images\bild91x150.jpg --> www.bgdd.de /begomedia/pochert/v33/assets/images bild91x150.jpg
2002.06.06 16:02 B c:\INTERNET\kundenmaterial\pochert\v33\assets\images\bild92x150.jpg --> www.bgdd.de /begomedia/pochert/v33/assets/images bild92x150.jpg
2002.06.06 16:02 B c:\INTERNET\kundenmaterial\pochert\v33\assets\images\fertig96.gif --> www.bgdd.de /begomedia/pochert/v33/assets/images fertig96.gif
2002.06.06 16:02 B c:\INTERNET\kundenmaterial\pochert\v33\assets\images\finden.gif --> www.bgdd.de /begomedia/pochert/v33/assets/images finden.gif
2002.06.06 16:02 B c:\INTERNET\kundenmaterial\pochert\v33\assets\images\finden96.gif --> www.bgdd.de /begomedia/pochert/v33/assets/images finden96.gif
2002.06.06 16:02 B c:\INTERNET\kundenmaterial\pochert\v33\assets\images\freuen96.gif --> www.bgdd.de /begomedia/pochert/v33/assets/images freuen96.gif
2002.06.06 16:02 B c:\INTERNET\kundenmaterial\pochert\v33\assets\images\geschichte96.gif --> www.bgdd.de /begomedia/pochert/v33/assets/images geschichte96.gif
2002.06.06 16:02 B c:\INTERNET\kundenmaterial\pochert\v33\assets\images\hwk3.gif --> www.bgdd.de /begomedia/pochert/v33/assets/images hwk3.gif
2002.06.06 16:02 B c:\INTERNET\kundenmaterial\pochert\v33\assets\images\karte.jpg --> www.bgdd.de /begomedia/pochert/v33/assets/images karte.jpg
2002.06.06 16:02 B c:\INTERNET\kundenmaterial\pochert\v33\assets\images\laden96.gif --> www.bgdd.de /begomedia/pochert/v33/assets/images laden96.gif
2002.06.06 16:02 B c:\INTERNET\kundenmaterial\pochert\v33\assets\images\liebe96.gif --> www.bgdd.de /begomedia/pochert/v33/assets/images liebe96.gif
2002.06.06 16:02 B c:\INTERNET\kundenmaterial\pochert\v33\assets\images\logo3x175.gif --> www.bgdd.de /begomedia/pochert/v33/assets/images logo3x175.gif
2002.06.06 16:02 B c:\INTERNET\kundenmaterial\pochert\v33\assets\images\logo4x175.gif --> www.bgdd.de /begomedia/pochert/v33/assets/images logo4x175.gif
2002.06.06 16:02 B c:\INTERNET\kundenmaterial\pochert\v33\assets\images\neu-4.gif --> www.bgdd.de /begomedia/pochert/v33/assets/images neu-4.gif
2002.06.06 16:02 B c:\INTERNET\kundenmaterial\pochert\v33\assets\images\plan290.jpg --> www.bgdd.de /begomedia/pochert/v33/assets/images plan290.jpg
2002.06.06 16:02 B c:\INTERNET\kundenmaterial\pochert\v33\assets\images\rezept96.gif --> www.bgdd.de /begomedia/pochert/v33/assets/images rezept96.gif
2002.06.06 16:02 B c:\INTERNET\kundenmaterial\pochert\v33\assets\images\rodenstock1.gif --> www.bgdd.de /begomedia/pochert/v33/assets/images rodenstock1.gif
2002.06.06 16:02 B c:\INTERNET\kundenmaterial\pochert\v33\assets\images\service96.gif --> www.bgdd.de /begomedia/pochert/v33/assets/images service96.gif
2002.06.06 16:02 B c:\INTERNET\kundenmaterial\pochert\v33\assets\images\sindda.gif --> www.bgdd.de /begomedia/pochert/v33/assets/images sindda.gif
2002.06.06 16:02 B c:\INTERNET\kundenmaterial\pochert\v33\assets\images\spez96.gif --> www.bgdd.de /begomedia/pochert/v33/assets/images spez96.gif
2002.06.06 16:02 B c:\INTERNET\kundenmaterial\pochert\v33\assets\images\tel2.jpg --> www.bgdd.de /begomedia/pochert/v33/assets/images tel2.jpg
2002.06.06 16:02 B c:\INTERNET\kundenmaterial\pochert\v33\assets\images\video96.gif --> www.bgdd.de /begomedia/pochert/v33/assets/images video96.gif
2002.06.06 16:02 B c:\INTERNET\kundenmaterial\pochert\v33\assets\images\vorteil.jpg --> www.bgdd.de /begomedia/pochert/v33/assets/images vorteil.jpg
2002.06.06 16:02 B c:\INTERNET\kundenmaterial\pochert\v33\assets\images\werkstatt96.gif --> www.bgdd.de /begomedia/pochert/v33/assets/images werkstatt96.gif
2002.06.12 19:51 B c:\INTERNET\kundenmaterial\pochert\v33\assets\images\plan290.gif --> www.bgdd.de /begomedia/pochert/assets/images plan290.gif
2002.06.12 19:56 B c:\INTERNET\kundenmaterial\pochert\v33\assets\images\rodenstock1.gif --> www.bgdd.de /begomedia/pochert/assets/images rodenstock1.gif
2002.06.13 12:37 B c:\INTERNET\kundenmaterial\pochert\v33\assets\images\bild92x150.jpg --> www.bgdd.de /begomedia/pochert/v33/assets/images bild92x150.jpg
2002.06.13 12:37 B c:\INTERNET\kundenmaterial\pochert\v33\assets\images\bild83x150.jpg --> www.bgdd.de /begomedia/pochert/v33/assets/images bild83x150.jpg
2002.06.13 12:37 B c:\INTERNET\kundenmaterial\pochert\v33\assets\images\bild56x150.jpg --> www.bgdd.de /begomedia/pochert/v33/assets/images bild56x150.jpg
2002.06.13 12:37 B c:\INTERNET\kundenmaterial\pochert\v33\assets\images\bild54x150.jpg --> www.bgdd.de /begomedia/pochert/v33/assets/images bild54x150.jpg
2002.06.13 12:37 B c:\INTERNET\kundenmaterial\pochert\v33\assets\images\barometer.jpg --> www.bgdd.de /begomedia/pochert/v33/assets/images barometer.jpg
2002.06.13 12:37 B c:\INTERNET\kundenmaterial\pochert\v33\assets\images\rodenstock1.gif --> www.bgdd.de /begomedia/pochert/v33/assets/images rodenstock1.gif
2002.06.13 13:11 B c:\INTERNET\kundenmaterial\pochert\v33\assets\images\plan290.gif --> www.bgdd.de /begomedia/pochert/v33/assets/images plan290.gif
2002.06.15 17:35 B c:\INTERNET\kundenmaterial\pochert\v22\assets\images\b750-4.gif --> www.bgdd.de /begomedia/pochert/v22/assets/images b750-4.gif
2002.06.15 17:35 B c:\INTERNET\kundenmaterial\pochert\v22\assets\images\b7501.jpg --> www.bgdd.de /begomedia/pochert/v22/assets/images b7501.jpg
2002.06.15 17:35 B c:\INTERNET\kundenmaterial\pochert\v22\assets\images\barometer.jpg --> www.bgdd.de /begomedia/pochert/v22/assets/images barometer.jpg
2002.06.15 17:35 B c:\INTERNET\kundenmaterial\pochert\v22\assets\images\beste72.gif --> www.bgdd.de /begomedia/pochert/v22/assets/images beste72.gif
2002.06.15 17:35 B c:\INTERNET\kundenmaterial\pochert\v22\assets\images\bild01x175.jpg --> www.bgdd.de /begomedia/pochert/v22/assets/images bild01x175.jpg
2002.06.15 17:35 B c:\INTERNET\kundenmaterial\pochert\v22\assets\images\bild01x275.jpg --> www.bgdd.de /begomedia/pochert/v22/assets/images bild01x275.jpg
2002.06.15 17:35 B c:\INTERNET\kundenmaterial\pochert\v22\assets\images\bild02.jpg --> www.bgdd.de /begomedia/pochert/v22/assets/images bild02.jpg
2002.06.15 17:35 B c:\INTERNET\kundenmaterial\pochert\v22\assets\images\bild03.jpg --> www.bgdd.de /begomedia/pochert/v22/assets/images bild03.jpg
2002.06.15 17:35 B c:\INTERNET\kundenmaterial\pochert\v22\assets\images\bild05.jpg --> www.bgdd.de /begomedia/pochert/v22/assets/images bild05.jpg
2002.06.15 17:35 B c:\INTERNET\kundenmaterial\pochert\v22\assets\images\bild05x275.jpg --> www.bgdd.de /begomedia/pochert/v22/assets/images bild05x275.jpg
2002.06.15 17:36 B c:\INTERNET\kundenmaterial\pochert\v22\assets\images\bild08x275.jpg --> www.bgdd.de /begomedia/pochert/v22/assets/images bild08x275.jpg
2002.06.15 17:36 B c:\INTERNET\kundenmaterial\pochert\v22\assets\images\bild09x275.jpg --> www.bgdd.de /begomedia/pochert/v22/assets/images bild09x275.jpg
2002.06.15 17:36 B c:\INTERNET\kundenmaterial\pochert\v22\assets\images\bild13x275.jpg --> www.bgdd.de /begomedia/pochert/v22/assets/images bild13x275.jpg
2002.06.15 17:36 B c:\INTERNET\kundenmaterial\pochert\v22\assets\images\bild14a.jpg --> www.bgdd.de /begomedia/pochert/v22/assets/images bild14a.jpg
2002.06.15 17:36 B c:\INTERNET\kundenmaterial\pochert\v22\assets\images\bild14c.jpg --> www.bgdd.de /begomedia/pochert/v22/assets/images bild14c.jpg
2002.06.15 17:36 B c:\INTERNET\kundenmaterial\pochert\v22\assets\images\bild14x275.jpg --> www.bgdd.de /begomedia/pochert/v22/assets/images bild14x275.jpg
2002.06.15 17:36 B c:\INTERNET\kundenmaterial\pochert\v22\assets\images\bild14x292.jpg --> www.bgdd.de /begomedia/pochert/v22/assets/images bild14x292.jpg
2002.06.15 17:36 B c:\INTERNET\kundenmaterial\pochert\v22\assets\images\bild15.jpg --> www.bgdd.de /begomedia/pochert/v22/assets/images bild15.jpg
2002.06.15 17:36 B c:\INTERNET\kundenmaterial\pochert\v22\assets\images\bild15x275.jpg --> www.bgdd.de /begomedia/pochert/v22/assets/images bild15x275.jpg
2002.06.15 17:36 B c:\INTERNET\kundenmaterial\pochert\v22\assets\images\bild53x150.jpg --> www.bgdd.de /begomedia/pochert/v22/assets/images bild53x150.jpg
2002.06.15 17:36 B c:\INTERNET\kundenmaterial\pochert\v22\assets\images\bild54x150.jpg --> www.bgdd.de /begomedia/pochert/v22/assets/images bild54x150.jpg
2002.06.15 17:36 B c:\INTERNET\kundenmaterial\pochert\v22\assets\images\bild56x150.jpg --> www.bgdd.de /begomedia/pochert/v22/assets/images bild56x150.jpg
2002.06.15 17:37 B c:\INTERNET\kundenmaterial\pochert\v22\assets\images\bild57x150.jpg --> www.bgdd.de /begomedia/pochert/v22/assets/images bild57x150.jpg
2002.06.15 17:37 B c:\INTERNET\kundenmaterial\pochert\v22\assets\images\bild61a.jpg --> www.bgdd.de /begomedia/pochert/v22/assets/images bild61a.jpg
2002.06.15 17:37 B c:\INTERNET\kundenmaterial\pochert\v22\assets\images\bild78x480.jpg --> www.bgdd.de /begomedia/pochert/v22/assets/images bild78x480.jpg
2002.06.15 17:37 B c:\INTERNET\kundenmaterial\pochert\v22\assets\images\bild79.jpg --> www.bgdd.de /begomedia/pochert/v22/assets/images bild79.jpg
2002.06.15 17:37 B c:\INTERNET\kundenmaterial\pochert\v22\assets\images\bild79x480.jpg --> www.bgdd.de /begomedia/pochert/v22/assets/images bild79x480.jpg
2002.06.15 17:37 B c:\INTERNET\kundenmaterial\pochert\v22\assets\images\bild80x150.jpg --> www.bgdd.de /begomedia/pochert/v22/assets/images bild80x150.jpg
2002.06.15 17:37 B c:\INTERNET\kundenmaterial\pochert\v22\assets\images\bild83x150.jpg --> www.bgdd.de /begomedia/pochert/v22/assets/images bild83x150.jpg
2002.06.15 17:37 B c:\INTERNET\kundenmaterial\pochert\v22\assets\images\bild91x150.jpg --> www.bgdd.de /begomedia/pochert/v22/assets/images bild91x150.jpg
2002.06.15 17:37 B c:\INTERNET\kundenmaterial\pochert\v22\assets\images\bild92x150.jpg --> www.bgdd.de /begomedia/pochert/v22/assets/images bild92x150.jpg
2002.06.15 17:37 B c:\INTERNET\kundenmaterial\pochert\v22\assets\images\fertig96.gif --> www.bgdd.de /begomedia/pochert/v22/assets/images fertig96.gif
2002.06.15 17:37 B c:\INTERNET\kundenmaterial\pochert\v22\assets\images\finden.gif --> www.bgdd.de /begomedia/pochert/v22/assets/images finden.gif
2002.06.15 17:37 B c:\INTERNET\kundenmaterial\pochert\v22\assets\images\finden96.gif --> www.bgdd.de /begomedia/pochert/v22/assets/images finden96.gif
2002.06.15 17:37 B c:\INTERNET\kundenmaterial\pochert\v22\assets\images\freuen96.gif --> www.bgdd.de /begomedia/pochert/v22/assets/images freuen96.gif
2002.06.15 17:37 B c:\INTERNET\kundenmaterial\pochert\v22\assets\images\geschichte96.gif --> www.bgdd.de /begomedia/pochert/v22/assets/images geschichte96.gif
2002.06.15 17:37 B c:\INTERNET\kundenmaterial\pochert\v22\assets\images\hwk3.gif --> www.bgdd.de /begomedia/pochert/v22/assets/images hwk3.gif
2002.06.15 17:37 B c:\INTERNET\kundenmaterial\pochert\v22\assets\images\karte.jpg --> www.bgdd.de /begomedia/pochert/v22/assets/images karte.jpg
2002.06.15 17:37 B c:\INTERNET\kundenmaterial\pochert\v22\assets\images\laden96.gif --> www.bgdd.de /begomedia/pochert/v22/assets/images laden96.gif
2002.06.15 17:37 B c:\INTERNET\kundenmaterial\pochert\v22\assets\images\liebe96.gif --> www.bgdd.de /begomedia/pochert/v22/assets/images liebe96.gif
2002.06.15 17:38 B c:\INTERNET\kundenmaterial\pochert\v22\assets\images\logo3x175.gif --> www.bgdd.de /begomedia/pochert/v22/assets/images logo3x175.gif
2002.06.15 17:38 B c:\INTERNET\kundenmaterial\pochert\v22\assets\images\logo4x175.gif --> www.bgdd.de /begomedia/pochert/v22/assets/images logo4x175.gif
2002.06.15 17:38 B c:\INTERNET\kundenmaterial\pochert\v22\assets\images\neu-4.gif --> www.bgdd.de /begomedia/pochert/v22/assets/images neu-4.gif
2002.06.15 17:38 B c:\INTERNET\kundenmaterial\pochert\v22\assets\images\plan290.gif --> www.bgdd.de /begomedia/pochert/v22/assets/images plan290.gif
2002.06.15 17:38 B c:\INTERNET\kundenmaterial\pochert\v22\assets\images\plan290.jpg --> www.bgdd.de /begomedia/pochert/v22/assets/images plan290.jpg
2002.06.15 17:38 B c:\INTERNET\kundenmaterial\pochert\v22\assets\images\rezept96.gif --> www.bgdd.de /begomedia/pochert/v22/assets/images rezept96.gif
2002.06.15 17:38 B c:\INTERNET\kundenmaterial\pochert\v22\assets\images\rodenstock1.gif --> www.bgdd.de /begomedia/pochert/v22/assets/images rodenstock1.gif
2002.06.15 17:38 B c:\INTERNET\kundenmaterial\pochert\v22\assets\images\service96.gif --> www.bgdd.de /begomedia/pochert/v22/assets/images service96.gif
2002.06.15 17:38 B c:\INTERNET\kundenmaterial\pochert\v22\assets\images\sindda.gif --> www.bgdd.de /begomedia/pochert/v22/assets/images sindda.gif
2002.06.15 17:38 B c:\INTERNET\kundenmaterial\pochert\v22\assets\images\spez96.gif --> www.bgdd.de /begomedia/pochert/v22/assets/images spez96.gif
2002.06.15 17:38 B c:\INTERNET\kundenmaterial\pochert\v22\assets\images\tel2.jpg --> www.bgdd.de /begomedia/pochert/v22/assets/images tel2.jpg
2002.06.15 17:38 B c:\INTERNET\kundenmaterial\pochert\v22\assets\images\video96.gif --> www.bgdd.de /begomedia/pochert/v22/assets/images video96.gif
2002.06.15 17:38 B c:\INTERNET\kundenmaterial\pochert\v22\assets\images\vorteil.jpg --> www.bgdd.de /begomedia/pochert/v22/assets/images vorteil.jpg
2002.06.15 17:38 B c:\INTERNET\kundenmaterial\pochert\v22\assets\images\werkstatt96.gif --> www.bgdd.de /begomedia/pochert/v22/assets/images werkstatt96.gif
2002.06.18 09:27 B c:\internet\kundenmaterial\pochert\v22\assets\images\b750-4.gif --> www.augenoptik-pochert.de /assets/images b750-4.gif
2002.06.18 09:27 B c:\internet\kundenmaterial\pochert\v22\assets\images\b7501.jpg --> www.augenoptik-pochert.de /assets/images b7501.jpg
2002.06.18 09:27 B c:\internet\kundenmaterial\pochert\v22\assets\images\barometer.jpg --> www.augenoptik-pochert.de /assets/images barometer.jpg
2002.06.18 09:27 B c:\internet\kundenmaterial\pochert\v22\assets\images\beste72.gif --> www.augenoptik-pochert.de /assets/images beste72.gif
2002.06.18 09:27 B c:\internet\kundenmaterial\pochert\v22\assets\images\bild05x275.jpg --> www.augenoptik-pochert.de /assets/images bild05x275.jpg
2002.06.18 09:27 B c:\internet\kundenmaterial\pochert\v22\assets\images\bild08x275.jpg --> www.augenoptik-pochert.de /assets/images bild08x275.jpg
2002.06.18 09:27 B c:\internet\kundenmaterial\pochert\v22\assets\images\bild09x275.jpg --> www.augenoptik-pochert.de /assets/images bild09x275.jpg
2002.06.18 09:27 B c:\internet\kundenmaterial\pochert\v22\assets\images\bild13x275.jpg --> www.augenoptik-pochert.de /assets/images bild13x275.jpg
2002.06.18 09:27 B c:\internet\kundenmaterial\pochert\v22\assets\images\bild14x275.jpg --> www.augenoptik-pochert.de /assets/images bild14x275.jpg
2002.06.18 09:27 B c:\internet\kundenmaterial\pochert\v22\assets\images\bild14x292.jpg --> www.augenoptik-pochert.de /assets/images bild14x292.jpg
2002.06.18 09:27 B c:\internet\kundenmaterial\pochert\v22\assets\images\bild15x275.jpg --> www.augenoptik-pochert.de /assets/images bild15x275.jpg
2002.06.18 09:27 B c:\internet\kundenmaterial\pochert\v22\assets\images\bild53x150.jpg --> www.augenoptik-pochert.de /assets/images bild53x150.jpg
2002.06.18 09:27 B c:\internet\kundenmaterial\pochert\v22\assets\images\bild54x150.jpg --> www.augenoptik-pochert.de /assets/images bild54x150.jpg
2002.06.18 09:27 B c:\internet\kundenmaterial\pochert\v22\assets\images\bild56x150.jpg --> www.augenoptik-pochert.de /assets/images bild56x150.jpg
2002.06.18 09:27 B c:\internet\kundenmaterial\pochert\v22\assets\images\bild57x150.jpg --> www.augenoptik-pochert.de /assets/images bild57x150.jpg
2002.06.18 09:27 B c:\internet\kundenmaterial\pochert\v22\assets\images\bild78x480.jpg --> www.augenoptik-pochert.de /assets/images bild78x480.jpg
2002.06.18 09:27 B c:\internet\kundenmaterial\pochert\v22\assets\images\bild79.jpg --> www.augenoptik-pochert.de /assets/images bild79.jpg
2002.06.18 09:27 B c:\internet\kundenmaterial\pochert\v22\assets\images\bild79x480.jpg --> www.augenoptik-pochert.de /assets/images bild79x480.jpg
2002.06.18 09:27 B c:\internet\kundenmaterial\pochert\v22\assets\images\bild80x150.jpg --> www.augenoptik-pochert.de /assets/images bild80x150.jpg
2002.06.18 09:27 B c:\internet\kundenmaterial\pochert\v22\assets\images\bild83x150.jpg --> www.augenoptik-pochert.de /assets/images bild83x150.jpg
2002.06.18 09:27 B c:\internet\kundenmaterial\pochert\v22\assets\images\bild91x150.jpg --> www.augenoptik-pochert.de /assets/images bild91x150.jpg
2002.06.18 09:27 B c:\internet\kundenmaterial\pochert\v22\assets\images\bild92x150.jpg --> www.augenoptik-pochert.de /assets/images bild92x150.jpg
2002.06.18 09:27 B c:\internet\kundenmaterial\pochert\v22\assets\images\fertig96.gif --> www.augenoptik-pochert.de /assets/images fertig96.gif
2002.06.18 09:27 B c:\internet\kundenmaterial\pochert\v22\assets\images\finden.gif --> www.augenoptik-pochert.de /assets/images finden.gif
2002.06.18 09:27 B c:\internet\kundenmaterial\pochert\v22\assets\images\finden96.gif --> www.augenoptik-pochert.de /assets/images finden96.gif
2002.06.18 09:27 B c:\internet\kundenmaterial\pochert\v22\assets\images\freuen96.gif --> www.augenoptik-pochert.de /assets/images freuen96.gif
2002.06.18 09:27 B c:\internet\kundenmaterial\pochert\v22\assets\images\geschichte96.gif --> www.augenoptik-pochert.de /assets/images geschichte96.gif
2002.06.18 09:27 B c:\internet\kundenmaterial\pochert\v22\assets\images\karte.jpg --> www.augenoptik-pochert.de /assets/images karte.jpg
2002.06.18 09:27 B c:\internet\kundenmaterial\pochert\v22\assets\images\laden96.gif --> www.augenoptik-pochert.de /assets/images laden96.gif
2002.06.18 09:27 B c:\internet\kundenmaterial\pochert\v22\assets\images\liebe96.gif --> www.augenoptik-pochert.de /assets/images liebe96.gif
2002.06.18 09:27 B c:\internet\kundenmaterial\pochert\v22\assets\images\neu-4.gif --> www.augenoptik-pochert.de /assets/images neu-4.gif
2002.06.18 09:27 B c:\internet\kundenmaterial\pochert\v22\assets\images\plan290.gif --> www.augenoptik-pochert.de /assets/images plan290.gif
2002.06.18 09:28 B c:\internet\kundenmaterial\pochert\v22\assets\images\plan290.jpg --> www.augenoptik-pochert.de /assets/images plan290.jpg
2002.06.18 09:28 B c:\internet\kundenmaterial\pochert\v22\assets\images\rezept96.gif --> www.augenoptik-pochert.de /assets/images rezept96.gif
2002.06.18 09:28 B c:\internet\kundenmaterial\pochert\v22\assets\images\rodenstock1.gif --> www.augenoptik-pochert.de /assets/images rodenstock1.gif
2002.06.18 09:28 B c:\internet\kundenmaterial\pochert\v22\assets\images\service96.gif --> www.augenoptik-pochert.de /assets/images service96.gif
2002.06.18 09:28 B c:\internet\kundenmaterial\pochert\v22\assets\images\sindda.gif --> www.augenoptik-pochert.de /assets/images sindda.gif
2002.06.18 09:28 B c:\internet\kundenmaterial\pochert\v22\assets\images\spez96.gif --> www.augenoptik-pochert.de /assets/images spez96.gif
2002.06.18 09:28 B c:\internet\kundenmaterial\pochert\v22\assets\images\video96.gif --> www.augenoptik-pochert.de /assets/images video96.gif
2002.06.18 09:28 B c:\internet\kundenmaterial\pochert\v22\assets\images\werkstatt96.gif --> www.augenoptik-pochert.de /assets/images werkstatt96.gif
2002.06.18 09:28 B c:\internet\kundenmaterial\pochert\v22\assets\images\ws_ftp.log --> www.augenoptik-pochert.de /assets/images ws_ftp.log
2002.06.18 10:22 B c:\internet\kundenmaterial\pochert\v22\assets\images\bild54x150.jpg --> www.augenoptik-pochert.de /assets/images bild54x150.jpg
2002.06.18 10:22 B c:\internet\kundenmaterial\pochert\v22\assets\images\bild53x150.jpg --> www.augenoptik-pochert.de /assets/images bild53x150.jpg
2002.06.18 10:22 B c:\internet\kundenmaterial\pochert\v22\assets\images\barometer.jpg --> www.augenoptik-pochert.de /assets/images barometer.jpg
2002.06.18 10:22 B c:\internet\kundenmaterial\pochert\v22\assets\images\bild83x150.jpg --> www.augenoptik-pochert.de /assets/images bild83x150.jpg
2002.06.18 10:22 B c:\internet\kundenmaterial\pochert\v22\assets\images\hwk3.gif --> www.augenoptik-pochert.de /assets/images hwk3.gif
2002.06.18 10:22 B c:\internet\kundenmaterial\pochert\v22\assets\images\vorteil.jpg --> www.augenoptik-pochert.de /assets/images vorteil.jpg
2002.06.18 10:22 B c:\internet\kundenmaterial\pochert\v22\assets\images\tel2.jpg --> www.augenoptik-pochert.de /assets/images tel2.jpg
2002.06.18 10:22 B c:\internet\kundenmaterial\pochert\v22\assets\images\bild15.jpg --> www.augenoptik-pochert.de /assets/images bild15.jpg
2002.06.18 10:22 B c:\internet\kundenmaterial\pochert\v22\assets\images\bild02.jpg --> www.augenoptik-pochert.de /assets/images bild02.jpg
2002.06.18 10:33 B c:\internet\kundenmaterial\pochert\v22\assets\images\bild54x150.jpg --> www.augenoptik-pochert.de /assets/images bild54x150.jpg
2002.06.18 10:33 B c:\internet\kundenmaterial\pochert\v22\assets\images\bild53x150.jpg --> www.augenoptik-pochert.de /assets/images bild53x150.jpg
2002.06.18 10:33 B c:\internet\kundenmaterial\pochert\v22\assets\images\barometer.jpg --> www.augenoptik-pochert.de /assets/images barometer.jpg
2002.06.18 10:33 B c:\internet\kundenmaterial\pochert\v22\assets\images\bild83x150.jpg --> www.augenoptik-pochert.de /assets/images bild83x150.jpg
2002.06.18 10:33 B c:\internet\kundenmaterial\pochert\v22\assets\images\bild57x150.jpg --> www.augenoptik-pochert.de /assets/images bild57x150.jpg
2002.06.18 10:33 B c:\internet\kundenmaterial\pochert\v22\assets\images\bild56x150.jpg --> www.augenoptik-pochert.de /assets/images bild56x150.jpg
2002.06.18 10:33 B c:\internet\kundenmaterial\pochert\v22\assets\images\bild92x150.jpg --> www.augenoptik-pochert.de /assets/images bild92x150.jpg
2002.06.18 10:33 B c:\internet\kundenmaterial\pochert\v22\assets\images\bild91x150.jpg --> www.augenoptik-pochert.de /assets/images bild91x150.jpg
2002.06.18 10:33 B c:\internet\kundenmaterial\pochert\v22\assets\images\rodenstock1.gif --> www.augenoptik-pochert.de /assets/images rodenstock1.gif
2002.06.18 10:34 B c:\internet\kundenmaterial\pochert\v22\assets\images\rodenstock1.gif --> www.augenoptik-pochert.de /assets/images rodenstock1.gif
2002.09.08 14:49 B D:\internet\pochert\v22\assets\images\qkran2.jpg --> www.augenoptik-pochert.de /assets/images qkran2.jpg
2002.09.08 14:49 B D:\internet\pochert\v22\assets\images\qinnen2.jpg --> www.augenoptik-pochert.de /assets/images qinnen2.jpg
2002.09.08 14:49 B D:\internet\pochert\v22\assets\images\q4608.jpg --> www.augenoptik-pochert.de /assets/images q4608.jpg
2002.09.08 14:49 B D:\internet\pochert\v22\assets\images\qwerkstatt.jpg --> www.augenoptik-pochert.de /assets/images qwerkstatt.jpg
2002.09.08 14:49 B D:\internet\pochert\v22\assets\images\qpotschappel2.jpg --> www.augenoptik-pochert.de /assets/images qpotschappel2.jpg
2002.09.08 14:50 B D:\internet\pochert\v22\assets\images\q4606.jpg --> www.augenoptik-pochert.de /assets/images q4606.jpg
