2002.09.08 14:50 B D:\internet\pochert\v22\flut\4606.html --> www.augenoptik-pochert.de /flut 4606.html
2002.09.08 14:50 B D:\internet\pochert\v22\flut\4611.html --> www.augenoptik-pochert.de /flut 4611.html
2002.09.08 14:50 B D:\internet\pochert\v22\flut\4608.html --> www.augenoptik-pochert.de /flut 4608.html
2002.09.08 14:50 B D:\internet\pochert\v22\flut\4604.html --> www.augenoptik-pochert.de /flut 4604.html
2002.09.08 14:50 B D:\internet\pochert\v22\flut\kran2.html --> www.augenoptik-pochert.de /flut kran2.html
2002.09.08 14:50 B D:\internet\pochert\v22\flut\innen1.html --> www.augenoptik-pochert.de /flut innen1.html
2002.09.08 14:50 B D:\internet\pochert\v22\flut\innen2.html --> www.augenoptik-pochert.de /flut innen2.html
2002.09.08 14:50 B D:\internet\pochert\v22\flut\werkstatt.jpg --> www.augenoptik-pochert.de /flut werkstatt.jpg
2002.09.08 14:50 B D:\internet\pochert\v22\flut\kran2.jpg --> www.augenoptik-pochert.de /flut kran2.jpg
2002.09.08 14:50 B D:\internet\pochert\v22\flut\werkstatt.html --> www.augenoptik-pochert.de /flut werkstatt.html
2002.09.08 14:50 B D:\internet\pochert\v22\flut\potschappel1.html --> www.augenoptik-pochert.de /flut potschappel1.html
2002.09.08 14:50 B D:\internet\pochert\v22\flut\potschappel2.html --> www.augenoptik-pochert.de /flut potschappel2.html
2002.09.08 14:50 B D:\internet\pochert\v22\flut\4608.jpg --> www.augenoptik-pochert.de /flut 4608.jpg
2002.09.08 14:51 B D:\internet\pochert\v22\flut\4611.jpg --> www.augenoptik-pochert.de /flut 4611.jpg
2002.09.08 14:51 B D:\internet\pochert\v22\flut\potschappel1.jpg --> www.augenoptik-pochert.de /flut potschappel1.jpg
2002.09.08 14:51 B D:\internet\pochert\v22\flut\potschappel2.jpg --> www.augenoptik-pochert.de /flut potschappel2.jpg
2002.09.08 14:51 B D:\internet\pochert\v22\flut\potschappel2.jpg --> www.augenoptik-pochert.de /flut potschappel2.jpg
2002.09.08 14:51 B D:\internet\pochert\v22\flut\innen2.jpg --> www.augenoptik-pochert.de /flut innen2.jpg
2002.09.08 14:52 B D:\internet\pochert\v22\flut\4602.jpg --> www.augenoptik-pochert.de /flut 4602.jpg
2002.09.08 14:52 B D:\internet\pochert\v22\flut\4604.jpg --> www.augenoptik-pochert.de /flut 4604.jpg
2002.09.08 14:52 B D:\internet\pochert\v22\flut\4606.jpg --> www.augenoptik-pochert.de /flut 4606.jpg
2002.09.08 14:52 B D:\internet\pochert\v22\flut\innen2.jpg --> www.augenoptik-pochert.de /flut innen2.jpg
