2002.04.24 14:45 B c:\INTERNET\kundenmaterial\pochert\v99\html\firma1.html --> www.bgdd.de /begomedia/pochert/html firma1.html
2002.04.24 14:45 B c:\INTERNET\kundenmaterial\pochert\v99\html\firma2.html --> www.bgdd.de /begomedia/pochert/html firma2.html
2002.04.24 15:15 B c:\INTERNET\kundenmaterial\pochert\v99\html\kontakt.html --> www.bgdd.de /begomedia/pochert/html kontakt.html
2002.04.24 15:15 B c:\INTERNET\kundenmaterial\pochert\v99\html\ws_ftp.log --> www.bgdd.de /begomedia/pochert/html ws_ftp.log
2002.04.28 10:34 B c:\INTERNET\kundenmaterial\pochert\v88\html\angebot.html --> www.bgdd.de /begomedia/pochert/v88/html angebot.html
2002.04.28 10:34 B c:\INTERNET\kundenmaterial\pochert\v88\html\firma.html --> www.bgdd.de /begomedia/pochert/v88/html firma.html
2002.04.28 10:34 B c:\INTERNET\kundenmaterial\pochert\v88\html\kontakt.html --> www.bgdd.de /begomedia/pochert/v88/html kontakt.html
2002.04.28 10:35 B c:\INTERNET\kundenmaterial\pochert\v88\html\leistung.html --> www.bgdd.de /begomedia/pochert/v88/html leistung.html
2002.04.28 10:35 B c:\INTERNET\kundenmaterial\pochert\v88\html\ws_ftp.log --> www.bgdd.de /begomedia/pochert/v88/html ws_ftp.log
2002.04.28 10:43 B c:\INTERNET\kundenmaterial\pochert\v88\html\angebot.html --> www.bgdd.de /begomedia/pochert/v88/html angebot.html
2002.04.28 10:43 B c:\INTERNET\kundenmaterial\pochert\v88\html\firma.html --> www.bgdd.de /begomedia/pochert/v88/html firma.html
2002.04.28 10:43 B c:\INTERNET\kundenmaterial\pochert\v88\html\kontakt.html --> www.bgdd.de /begomedia/pochert/v88/html kontakt.html
2002.04.28 10:43 B c:\INTERNET\kundenmaterial\pochert\v88\html\leistung.html --> www.bgdd.de /begomedia/pochert/v88/html leistung.html
2002.04.28 10:43 B c:\INTERNET\kundenmaterial\pochert\v88\html\ws_ftp.log --> www.bgdd.de /begomedia/pochert/v88/html ws_ftp.log
2002.05.10 20:28 B c:\INTERNET\kundenmaterial\pochert\v77\html\angebot.html --> www.bgdd.de /begomedia/pochert/v77/html angebot.html
2002.05.10 20:28 B c:\INTERNET\kundenmaterial\pochert\v77\html\firma.html --> www.bgdd.de /begomedia/pochert/v77/html firma.html
2002.05.10 20:28 B c:\INTERNET\kundenmaterial\pochert\v77\html\kontakt.html --> www.bgdd.de /begomedia/pochert/v77/html kontakt.html
2002.05.10 20:28 B c:\INTERNET\kundenmaterial\pochert\v77\html\leistung.html --> www.bgdd.de /begomedia/pochert/v77/html leistung.html
2002.05.10 20:28 B c:\INTERNET\kundenmaterial\pochert\v77\html\ws_ftp.log --> www.bgdd.de /begomedia/pochert/v77/html ws_ftp.log
2002.05.27 11:33 B c:\INTERNET\kundenmaterial\pochert\v66\html\angebot.html --> www.bgdd.de /begomedia/pochert/v66/html angebot.html
2002.05.27 11:33 B c:\INTERNET\kundenmaterial\pochert\v66\html\firma.html --> www.bgdd.de /begomedia/pochert/v66/html firma.html
2002.05.27 11:33 B c:\INTERNET\kundenmaterial\pochert\v66\html\kontakt.html --> www.bgdd.de /begomedia/pochert/v66/html kontakt.html
2002.05.27 11:33 B c:\INTERNET\kundenmaterial\pochert\v66\html\leistung.html --> www.bgdd.de /begomedia/pochert/v66/html leistung.html
2002.05.27 11:33 B c:\INTERNET\kundenmaterial\pochert\v66\html\ws_ftp.log --> www.bgdd.de /begomedia/pochert/v66/html ws_ftp.log
2002.05.30 14:56 B c:\INTERNET\kundenmaterial\pochert\v55\html\angebot.html --> www.bgdd.de /begomedia/pochert/v55/html angebot.html
2002.05.30 14:56 B c:\INTERNET\kundenmaterial\pochert\v55\html\firma.html --> www.bgdd.de /begomedia/pochert/v55/html firma.html
2002.05.30 14:56 B c:\INTERNET\kundenmaterial\pochert\v55\html\kontakt.html --> www.bgdd.de /begomedia/pochert/v55/html kontakt.html
2002.05.30 14:56 B c:\INTERNET\kundenmaterial\pochert\v55\html\leistung.html --> www.bgdd.de /begomedia/pochert/v55/html leistung.html
2002.05.30 14:56 B c:\INTERNET\kundenmaterial\pochert\v55\html\ws_ftp.log --> www.bgdd.de /begomedia/pochert/v55/html ws_ftp.log
2002.06.04 10:45 B c:\INTERNET\kundenmaterial\pochert\v55\html\angebot.html --> www.bgdd.de /begomedia/pochert/v44/html angebot.html
2002.06.04 10:45 B c:\INTERNET\kundenmaterial\pochert\v55\html\firma.html --> www.bgdd.de /begomedia/pochert/v44/html firma.html
2002.06.04 10:45 B c:\INTERNET\kundenmaterial\pochert\v55\html\kontakt.html --> www.bgdd.de /begomedia/pochert/v44/html kontakt.html
2002.06.04 10:45 B c:\INTERNET\kundenmaterial\pochert\v55\html\leistung.html --> www.bgdd.de /begomedia/pochert/v44/html leistung.html
2002.06.04 10:46 B c:\INTERNET\kundenmaterial\pochert\v55\html\ws_ftp.log --> www.bgdd.de /begomedia/pochert/v44/html ws_ftp.log
2002.06.06 15:37 B c:\INTERNET\kundenmaterial\pochert\v33\html\angebot.html --> www.bgdd.de /begomedia/pochert/v33/html angebot.html
2002.06.06 15:37 B c:\INTERNET\kundenmaterial\pochert\v33\html\firma.html --> www.bgdd.de /begomedia/pochert/v33/html firma.html
2002.06.06 15:38 B c:\INTERNET\kundenmaterial\pochert\v33\html\kontakt.html --> www.bgdd.de /begomedia/pochert/v33/html kontakt.html
2002.06.06 15:38 B c:\INTERNET\kundenmaterial\pochert\v33\html\leistung.html --> www.bgdd.de /begomedia/pochert/v33/html leistung.html
2002.06.06 15:38 B c:\INTERNET\kundenmaterial\pochert\v33\html\ws_ftp.log --> www.bgdd.de /begomedia/pochert/v33/html ws_ftp.log
2002.06.10 12:27 B c:\INTERNET\kundenmaterial\pochert\v33\html\kontakt.html --> www.bgdd.de /begomedia/pochert/v33/html kontakt.html
2002.06.10 12:27 B c:\INTERNET\kundenmaterial\pochert\v33\html\impr.html --> www.bgdd.de /begomedia/pochert/v33/html impr.html
2002.06.13 12:53 B c:\INTERNET\kundenmaterial\pochert\v33\html\angebot.html --> www.bgdd.de /begomedia/pochert/v33/html angebot.html
2002.06.13 13:10 B c:\INTERNET\kundenmaterial\pochert\v33\html\angebot.html --> www.bgdd.de /begomedia/pochert/v33/html angebot.html
2002.06.13 13:10 B c:\INTERNET\kundenmaterial\pochert\v33\html\firma.html --> www.bgdd.de /begomedia/pochert/v33/html firma.html
2002.06.13 13:10 B c:\INTERNET\kundenmaterial\pochert\v33\html\kontakt.html --> www.bgdd.de /begomedia/pochert/v33/html kontakt.html
2002.06.13 13:10 B c:\INTERNET\kundenmaterial\pochert\v33\html\leistung.html --> www.bgdd.de /begomedia/pochert/v33/html leistung.html
2002.06.13 13:10 B c:\INTERNET\kundenmaterial\pochert\v33\html\ws_ftp.log --> www.bgdd.de /begomedia/pochert/v33/html ws_ftp.log
2002.06.13 13:12 B c:\INTERNET\kundenmaterial\pochert\v33\html\kontakt.html --> www.bgdd.de /begomedia/pochert/v33/html kontakt.html
2002.06.13 13:12 B c:\INTERNET\kundenmaterial\pochert\v33\html\kontakt.html --> www.bgdd.de /begomedia/pochert/v33/html kontakt.html
2002.06.13 13:13 B c:\INTERNET\kundenmaterial\pochert\v33\html\angebot.html --> www.bgdd.de /begomedia/pochert/v33/html angebot.html
2002.06.13 13:13 B c:\INTERNET\kundenmaterial\pochert\v33\html\firma.html --> www.bgdd.de /begomedia/pochert/v33/html firma.html
2002.06.13 13:13 B c:\INTERNET\kundenmaterial\pochert\v33\html\impr.html --> www.bgdd.de /begomedia/pochert/v33/html impr.html
2002.06.13 13:13 B c:\INTERNET\kundenmaterial\pochert\v33\html\kontakt.html --> www.bgdd.de /begomedia/pochert/v33/html kontakt.html
2002.06.13 13:13 B c:\INTERNET\kundenmaterial\pochert\v33\html\leistung.html --> www.bgdd.de /begomedia/pochert/v33/html leistung.html
2002.06.15 17:38 B c:\INTERNET\kundenmaterial\pochert\v22\html\angebot.html --> www.bgdd.de /begomedia/pochert/v22/html angebot.html
2002.06.15 17:38 B c:\INTERNET\kundenmaterial\pochert\v22\html\firma.html --> www.bgdd.de /begomedia/pochert/v22/html firma.html
2002.06.15 17:38 B c:\INTERNET\kundenmaterial\pochert\v22\html\impr.html --> www.bgdd.de /begomedia/pochert/v22/html impr.html
2002.06.15 17:38 B c:\INTERNET\kundenmaterial\pochert\v22\html\kontakt.html --> www.bgdd.de /begomedia/pochert/v22/html kontakt.html
2002.06.15 17:38 B c:\INTERNET\kundenmaterial\pochert\v22\html\leistung.html --> www.bgdd.de /begomedia/pochert/v22/html leistung.html
2002.06.15 17:38 B c:\INTERNET\kundenmaterial\pochert\v22\html\ws_ftp.log --> www.bgdd.de /begomedia/pochert/v22/html ws_ftp.log
2002.06.15 17:40 B c:\INTERNET\kundenmaterial\pochert\v22\html\leistung.html --> www.bgdd.de /begomedia/pochert/v22/html leistung.html
2002.06.15 17:44 B c:\INTERNET\kundenmaterial\pochert\v22\html\impr.html --> www.bgdd.de /begomedia/pochert/v22/html impr.html
2002.06.18 09:28 B c:\internet\kundenmaterial\pochert\v22\html\angebot.html --> www.augenoptik-pochert.de /html angebot.html
2002.06.18 09:28 B c:\internet\kundenmaterial\pochert\v22\html\firma.html --> www.augenoptik-pochert.de /html firma.html
2002.06.18 09:28 B c:\internet\kundenmaterial\pochert\v22\html\impr.html --> www.augenoptik-pochert.de /html impr.html
2002.06.18 09:28 B c:\internet\kundenmaterial\pochert\v22\html\kontakt.html --> www.augenoptik-pochert.de /html kontakt.html
2002.06.18 09:28 B c:\internet\kundenmaterial\pochert\v22\html\leistung.html --> www.augenoptik-pochert.de /html leistung.html
2002.06.18 09:28 B c:\internet\kundenmaterial\pochert\v22\html\ws_ftp.log --> www.augenoptik-pochert.de /html ws_ftp.log
2002.06.18 10:21 B c:\internet\kundenmaterial\pochert\v22\html\angebot.html --> www.augenoptik-pochert.de /html angebot.html
2002.06.18 10:21 B c:\internet\kundenmaterial\pochert\v22\html\firma.html --> www.augenoptik-pochert.de /html firma.html
2002.06.18 10:21 B c:\internet\kundenmaterial\pochert\v22\html\kontakt.html --> www.augenoptik-pochert.de /html kontakt.html
2002.06.18 10:21 B c:\internet\kundenmaterial\pochert\v22\html\leistung.html --> www.augenoptik-pochert.de /html leistung.html
2002.06.18 10:21 B c:\internet\kundenmaterial\pochert\v22\html\ws_ftp.log --> www.augenoptik-pochert.de /html ws_ftp.log
2002.06.18 10:30 B c:\internet\kundenmaterial\pochert\v22\html\ws_ftp.log --> www.augenoptik-pochert.de /html ws_ftp.log
2002.08.28 16:34 B c:\internet\kundenmaterial\pochert\v22\html\firma.html --> www.augenoptik-pochert.de /html firma.html
